<?xml version="1.0" encoding="UTF-8"?>
<coverage generated="1686702618210" clover="3.2.0">
  <project timestamp="1686702618210" name="All files">
    <metrics statements="6" coveredstatements="6" conditionals="4" coveredconditionals="4" methods="4" coveredmethods="4" elements="14" coveredelements="14" complexity="0" loc="6" ncloc="6" packages="1" files="1" classes="1"/>
    <file name="prueba.js" path="C:\Users\User\Documents\UV\6 semestre\PROYECTOSOFT2\Pruebas\prueba.js">
      <metrics statements="6" coveredstatements="6" conditionals="4" coveredconditionals="4" methods="4" coveredmethods="4"/>
      <line num="2" count="8" type="cond" truecount="4" falsecount="0"/>
      <line num="3" count="5" type="stmt"/>
      <line num="8" count="6" type="stmt"/>
      <line num="10" count="3" type="stmt"/>
      <line num="14" count="3" type="stmt"/>
      <line num="18" count="1" type="stmt"/>
    </file>
  </project>
</coverage>
