{"C:\\Users\\User\\Documents\\UV\\6 semestre\\PROYECTOSOFT2\\Pruebas\\prueba.js": {"path":"C:\\Users\\User\\Documents\\UV\\6 semestre\\PROYECTOSOFT2\\Pruebas\\prueba.js","statementMap":{"0":{"start":{"line":2,"column":4},"end":{"line":3,"column":37}},"1":{"start":{"line":2,"column":28},"end":{"line":2,"column":37}},"2":{"start":{"line":3,"column":9},"end":{"line":3,"column":37}},"3":{"start":{"line":8,"column":6},"end":{"line":8,"column":19}},"4":{"start":{"line":10,"column":4},"end":{"line":10,"column":33}},"5":{"start":{"line":14,"column":4},"end":{"line":14,"column":25}},"6":{"start":{"line":18,"column":2},"end":{"line":22,"column":2}}},"fnMap":{"0":{"name":"factorial","decl":{"start":{"line":1,"column":9},"end":{"line":1,"column":18}},"loc":{"start":{"line":1,"column":22},"end":{"line":4,"column":3}},"line":1},"1":{"name":"addSquares","decl":{"start":{"line":6,"column":11},"end":{"line":6,"column":21}},"loc":{"start":{"line":6,"column":28},"end":{"line":11,"column":3}},"line":6},"2":{"name":"square","decl":{"start":{"line":7,"column":13},"end":{"line":7,"column":19}},"loc":{"start":{"line":7,"column":23},"end":{"line":9,"column":5}},"line":7},"3":{"name":"elevado","decl":{"start":{"line":13,"column":11},"end":{"line":13,"column":18}},"loc":{"start":{"line":13,"column":23},"end":{"line":15,"column":3}},"line":13}},"branchMap":{"0":{"loc":{"start":{"line":2,"column":4},"end":{"line":3,"column":37}},"type":"if","locations":[{"start":{"line":2,"column":4},"end":{"line":3,"column":37}},{"start":{"line":3,"column":9},"end":{"line":3,"column":37}}],"line":2},"1":{"loc":{"start":{"line":2,"column":8},"end":{"line":2,"column":26}},"type":"binary-expr","locations":[{"start":{"line":2,"column":8},"end":{"line":2,"column":15}},{"start":{"line":2,"column":19},"end":{"line":2,"column":26}}],"line":2}},"s":{"0":8,"1":3,"2":5,"3":6,"4":3,"5":3,"6":1},"f":{"0":8,"1":3,"2":6,"3":3},"b":{"0":[3,5],"1":[8,8]},"_coverageSchema":"1a1c01bbd47fc00a2c39e90264f33305004495a9","hash":"d14a544c6fd4ee99a22154ade4d4fd603f7021f6"}
}
